<?xml version="1.0" encoding="UTF-8"?>
<!-- Generated by org.testng.reporters.JUnitReportReporter -->
<testsuite hostname="DESKTOP-G2UDSQ1" failures="0" tests="2" name="com.mindtree.pageobjects.SearchBook" time="6.503" errors="2" timestamp="2021-10-21T12:13:08 IST" skipped="0">
  <testcase classname="com.mindtree.pageobjects.SearchBook" name="searchBook" time="6.486">
    <error message="session not created
from disconnected: received Inspector.detached event
  (Session info: chrome=94.0.4606.81)
Build info: version: &#039;3.4.0&#039;, revision: &#039;unknown&#039;, time: &#039;unknown&#039;
System info: host: &#039;DESKTOP-G2UDSQ1&#039;, ip: &#039;192.168.1.36&#039;, os.name: &#039;Windows 10&#039;, os.arch: &#039;amd64&#039;, os.version: &#039;10.0&#039;, java.version: &#039;16.0.2&#039;
Driver info: driver.version: ChromeDriver
remote stacktrace: Backtrace:
	Ordinal0 [0x0078D403+2479107]
	Ordinal0 [0x00727D51+2063697]
	Ordinal0 [0x006320C8+1056968]
	Ordinal0 [0x006254D4+1004756]
	Ordinal0 [0x00625116+1003798]
	Ordinal0 [0x0062485A+1001562]
	Ordinal0 [0x006239ED+997869]
	Ordinal0 [0x00623CA6+998566]
	Ordinal0 [0x00623595+996757]
	Ordinal0 [0x0062E184+1040772]
	Ordinal0 [0x00623551+996689]
	Ordinal0 [0x00624476+1000566]
	Ordinal0 [0x006239ED+997869]
	Ordinal0 [0x00623CA6+998566]
	Ordinal0 [0x00623595+996757]
	Ordinal0 [0x0062C16A+1032554]
	Ordinal0 [0x00623551+996689]
	Ordinal0 [0x00624476+1000566]
	Ordinal0 [0x006239ED+997869]
	Ordinal0 [0x00623CA6+998566]
	Ordinal0 [0x00623595+996757]
	Ordinal0 [0x00629FF9+1023993]
	Ordinal0 [0x00623551+996689]
	Ordinal0 [0x00624476+1000566]
	Ordinal0 [0x006239ED+997869]
	Ordinal0 [0x00623CA6+998566]
	Ordinal0 [0x00623595+996757]
	Ordinal0 [0x0062931C+1020700]
	Ordinal0 [0x00623551+996689]
	Ordinal0 [0x00624476+1000566]
	Ordinal0 [0x006239ED+997869]
	Ordinal0 [0x00623CA6+998566]
	Ordinal0 [0x00623595+996757]
	Ordinal0 [0x0061F19D+979357]
	Ordinal0 [0x00623551+996689]
	Ordinal0 [0x006232F0+996080]
	Ordinal0 [0x00623089+995465]
	Ordinal0 [0x006332E0+1061600]
	Ordinal0 [0x0067AC59+1354841]
	Ordinal0 [0x0067992A+1349930]
	Ordinal0 [0x0067583B+1333307]
	Ordinal0 [0x00651F94+1187732]
	Ordinal0 [0x00652DE9+1191401]
	GetHandleVerifier [0x0090F3F6+1531734]
	GetHandleVerifier [0x009BE9AE+2249998]
	GetHandleVerifier [0x008139AB+501003]
	GetHandleVerifier [0x00812A29+497033]
	Ordinal0 [0x0072D11D+2085149]
	Ordinal0 [0x007311C8+2101704]
	Ordinal0 [0x00731302+2102018]
	Ordinal0 [0x0073AA71+2140785]
	BaseThreadInitThunk [0x7608FA29+25]
	RtlGetAppContainerNamedObjectPath [0x77C57A9E+286]
	RtlGetAppContainerNamedObjectPath [0x77C57A6E+238]
" type="org.openqa.selenium.SessionNotCreatedException">
      <![CDATA[org.openqa.selenium.SessionNotCreatedException: session not created
from disconnected: received Inspector.detached event
  (Session info: chrome=94.0.4606.81)
Build info: version: '3.4.0', revision: 'unknown', time: 'unknown'
System info: host: 'DESKTOP-G2UDSQ1', ip: '192.168.1.36', os.name: 'Windows 10', os.arch: 'amd64', os.version: '10.0', java.version: '16.0.2'
Driver info: driver.version: ChromeDriver
remote stacktrace: Backtrace:
Ordinal0 [0x0078D403+2479107]
Ordinal0 [0x00727D51+2063697]
Ordinal0 [0x006320C8+1056968]
Ordinal0 [0x006254D4+1004756]
Ordinal0 [0x00625116+1003798]
Ordinal0 [0x0062485A+1001562]
Ordinal0 [0x006239ED+997869]
Ordinal0 [0x00623CA6+998566]
Ordinal0 [0x00623595+996757]
Ordinal0 [0x0062E184+1040772]
Ordinal0 [0x00623551+996689]
Ordinal0 [0x00624476+1000566]
Ordinal0 [0x006239ED+997869]
Ordinal0 [0x00623CA6+998566]
Ordinal0 [0x00623595+996757]
Ordinal0 [0x0062C16A+1032554]
Ordinal0 [0x00623551+996689]
Ordinal0 [0x00624476+1000566]
Ordinal0 [0x006239ED+997869]
Ordinal0 [0x00623CA6+998566]
Ordinal0 [0x00623595+996757]
Ordinal0 [0x00629FF9+1023993]
Ordinal0 [0x00623551+996689]
Ordinal0 [0x00624476+1000566]
Ordinal0 [0x006239ED+997869]
Ordinal0 [0x00623CA6+998566]
Ordinal0 [0x00623595+996757]
Ordinal0 [0x0062931C+1020700]
Ordinal0 [0x00623551+996689]
Ordinal0 [0x00624476+1000566]
Ordinal0 [0x006239ED+997869]
Ordinal0 [0x00623CA6+998566]
Ordinal0 [0x00623595+996757]
Ordinal0 [0x0061F19D+979357]
Ordinal0 [0x00623551+996689]
Ordinal0 [0x006232F0+996080]
Ordinal0 [0x00623089+995465]
Ordinal0 [0x006332E0+1061600]
Ordinal0 [0x0067AC59+1354841]
Ordinal0 [0x0067992A+1349930]
Ordinal0 [0x0067583B+1333307]
Ordinal0 [0x00651F94+1187732]
Ordinal0 [0x00652DE9+1191401]
GetHandleVerifier [0x0090F3F6+1531734]
GetHandleVerifier [0x009BE9AE+2249998]
GetHandleVerifier [0x008139AB+501003]
GetHandleVerifier [0x00812A29+497033]
Ordinal0 [0x0072D11D+2085149]
Ordinal0 [0x007311C8+2101704]
Ordinal0 [0x00731302+2102018]
Ordinal0 [0x0073AA71+2140785]
BaseThreadInitThunk [0x7608FA29+25]
RtlGetAppContainerNamedObjectPath [0x77C57A9E+286]
RtlGetAppContainerNamedObjectPath [0x77C57A6E+238]

at java.base/jdk.internal.reflect.NativeConstructorAccessorImpl.newInstance0(Native Method)
at java.base/jdk.internal.reflect.NativeConstructorAccessorImpl.newInstance(NativeConstructorAccessorImpl.java:78)
at java.base/jdk.internal.reflect.DelegatingConstructorAccessorImpl.newInstance(DelegatingConstructorAccessorImpl.java:45)
at java.base/java.lang.reflect.Constructor.newInstanceWithCaller(Constructor.java:499)
at java.base/java.lang.reflect.Constructor.newInstance(Constructor.java:480)
at org.openqa.selenium.remote.W3CHandshakeResponse.lambda$new$0(W3CHandshakeResponse.java:57)
at org.openqa.selenium.remote.W3CHandshakeResponse.lambda$getResponseFunction$2(W3CHandshakeResponse.java:104)
at org.openqa.selenium.remote.ProtocolHandshake.lambda$createSession$22(ProtocolHandshake.java:365)
at java.base/java.util.stream.ReferencePipeline$3$1.accept(ReferencePipeline.java:197)
at java.base/java.util.Spliterators$ArraySpliterator.tryAdvance(Spliterators.java:958)
at java.base/java.util.stream.ReferencePipeline.forEachWithCancel(ReferencePipeline.java:129)
at java.base/java.util.stream.AbstractPipeline.copyIntoWithCancel(AbstractPipeline.java:502)
at java.base/java.util.stream.AbstractPipeline.copyInto(AbstractPipeline.java:488)
at java.base/java.util.stream.AbstractPipeline.wrapAndCopyInto(AbstractPipeline.java:474)
at java.base/java.util.stream.FindOps$FindOp.evaluateSequential(FindOps.java:150)
at java.base/java.util.stream.AbstractPipeline.evaluate(AbstractPipeline.java:234)
at java.base/java.util.stream.ReferencePipeline.findFirst(ReferencePipeline.java:647)
at org.openqa.selenium.remote.ProtocolHandshake.createSession(ProtocolHandshake.java:368)
at org.openqa.selenium.remote.ProtocolHandshake.createSession(ProtocolHandshake.java:159)
at org.openqa.selenium.remote.HttpCommandExecutor.execute(HttpCommandExecutor.java:142)
at org.openqa.selenium.remote.service.DriverCommandExecutor.execute(DriverCommandExecutor.java:82)
at org.openqa.selenium.remote.RemoteWebDriver.execute(RemoteWebDriver.java:637)
at org.openqa.selenium.remote.RemoteWebDriver.startSession(RemoteWebDriver.java:250)
at org.openqa.selenium.remote.RemoteWebDriver.startSession(RemoteWebDriver.java:236)
at org.openqa.selenium.remote.RemoteWebDriver.<init>(RemoteWebDriver.java:137)
at org.openqa.selenium.chrome.ChromeDriver.<init>(ChromeDriver.java:184)
at org.openqa.selenium.chrome.ChromeDriver.<init>(ChromeDriver.java:171)
at org.openqa.selenium.chrome.ChromeDriver.<init>(ChromeDriver.java:124)
at com.mindtree.reusablecomponents.WebDriverHelper.startBrowser(WebDriverHelper.java:29)
at com.mindtree.pageobjects.SearchBook.searchBook(SearchBook.java:20)
at java.base/jdk.internal.reflect.NativeMethodAccessorImpl.invoke0(Native Method)
at java.base/jdk.internal.reflect.NativeMethodAccessorImpl.invoke(NativeMethodAccessorImpl.java:78)
at java.base/jdk.internal.reflect.DelegatingMethodAccessorImpl.invoke(DelegatingMethodAccessorImpl.java:43)
at java.base/java.lang.reflect.Method.invoke(Method.java:567)
at org.testng.internal.MethodInvocationHelper.invokeMethod(MethodInvocationHelper.java:133)
at org.testng.internal.TestInvoker.invokeMethod(TestInvoker.java:598)
at org.testng.internal.TestInvoker.invokeTestMethod(TestInvoker.java:173)
at org.testng.internal.MethodRunner.runInSequence(MethodRunner.java:46)
at org.testng.internal.TestInvoker$MethodInvocationAgent.invoke(TestInvoker.java:824)
at org.testng.internal.TestInvoker.invokeTestMethods(TestInvoker.java:146)
at org.testng.internal.TestMethodWorker.invokeTestMethods(TestMethodWorker.java:146)
at org.testng.internal.TestMethodWorker.run(TestMethodWorker.java:128)
at java.base/java.util.ArrayList.forEach(ArrayList.java:1511)
at org.testng.TestRunner.privateRun(TestRunner.java:794)
at org.testng.TestRunner.run(TestRunner.java:596)
at org.testng.SuiteRunner.runTest(SuiteRunner.java:377)
at org.testng.SuiteRunner.runSequentially(SuiteRunner.java:371)
at org.testng.SuiteRunner.privateRun(SuiteRunner.java:332)
at org.testng.SuiteRunner.run(SuiteRunner.java:276)
at org.testng.SuiteRunnerWorker.runSuite(SuiteRunnerWorker.java:53)
at org.testng.SuiteRunnerWorker.run(SuiteRunnerWorker.java:96)
at org.testng.TestNG.runSuitesSequentially(TestNG.java:1212)
at org.testng.TestNG.runSuitesLocally(TestNG.java:1134)
at org.testng.TestNG.runSuites(TestNG.java:1063)
at org.testng.TestNG.run(TestNG.java:1031)
at org.testng.remote.AbstractRemoteTestNG.run(AbstractRemoteTestNG.java:115)
at org.testng.remote.RemoteTestNG.initAndRun(RemoteTestNG.java:251)
at org.testng.remote.RemoteTestNG.main(RemoteTestNG.java:77)
]]>
    </error>
  </testcase> <!-- searchBook -->
  <system-out/>
  <testcase classname="com.mindtree.pageobjects.SearchBook" name="tearDown" time="0.017">
    <error message="Cannot invoke &quot;org.openqa.selenium.WebDriver.close()&quot; because &quot;driver&quot; is null" type="java.lang.NullPointerException">
      <![CDATA[java.lang.NullPointerException: Cannot invoke "org.openqa.selenium.WebDriver.close()" because "driver" is null
at com.mindtree.reusablecomponents.WebDriverHelper.quitBrowser(WebDriverHelper.java:47)
at com.mindtree.pageobjects.SearchBook.tearDown(SearchBook.java:36)
at java.base/jdk.internal.reflect.NativeMethodAccessorImpl.invoke0(Native Method)
at java.base/jdk.internal.reflect.NativeMethodAccessorImpl.invoke(NativeMethodAccessorImpl.java:78)
at java.base/jdk.internal.reflect.DelegatingMethodAccessorImpl.invoke(DelegatingMethodAccessorImpl.java:43)
at java.base/java.lang.reflect.Method.invoke(Method.java:567)
at org.testng.internal.MethodInvocationHelper.invokeMethod(MethodInvocationHelper.java:133)
at org.testng.internal.MethodInvocationHelper.invokeMethodConsideringTimeout(MethodInvocationHelper.java:62)
at org.testng.internal.ConfigInvoker.invokeConfigurationMethod(ConfigInvoker.java:385)
at org.testng.internal.ConfigInvoker.invokeConfigurations(ConfigInvoker.java:321)
at org.testng.TestRunner.invokeTestConfigurations(TestRunner.java:637)
at org.testng.TestRunner.afterRun(TestRunner.java:877)
at org.testng.TestRunner.run(TestRunner.java:599)
at org.testng.SuiteRunner.runTest(SuiteRunner.java:377)
at org.testng.SuiteRunner.runSequentially(SuiteRunner.java:371)
at org.testng.SuiteRunner.privateRun(SuiteRunner.java:332)
at org.testng.SuiteRunner.run(SuiteRunner.java:276)
at org.testng.SuiteRunnerWorker.runSuite(SuiteRunnerWorker.java:53)
at org.testng.SuiteRunnerWorker.run(SuiteRunnerWorker.java:96)
at org.testng.TestNG.runSuitesSequentially(TestNG.java:1212)
at org.testng.TestNG.runSuitesLocally(TestNG.java:1134)
at org.testng.TestNG.runSuites(TestNG.java:1063)
at org.testng.TestNG.run(TestNG.java:1031)
at org.testng.remote.AbstractRemoteTestNG.run(AbstractRemoteTestNG.java:115)
at org.testng.remote.RemoteTestNG.initAndRun(RemoteTestNG.java:251)
at org.testng.remote.RemoteTestNG.main(RemoteTestNG.java:77)
]]>
    </error>
  </testcase> <!-- tearDown -->
  <system-out/>
</testsuite> <!-- com.mindtree.pageobjects.SearchBook -->
